<?xml version="1.0" encoding="UTF-8"?>
<testng-results skipped="0" failed="0" ignored="0" total="1" passed="1">
  <reporter-output>
  </reporter-output>
  <suite name="Suite" duration-ms="49713" started-at="2018-09-21T11:06:23Z" finished-at="2018-09-21T11:07:13Z">
    <groups>
    </groups>
    <test name="Test" duration-ms="49713" started-at="2018-09-21T11:06:23Z" finished-at="2018-09-21T11:07:13Z">
      <class name="tests.NewTest">
        <test-method status="PASS" signature="beforeClass()[pri:0, instance:tests.NewTest@86be70a]" name="beforeClass" is-config="true" duration-ms="16698" started-at="2018-09-21T11:06:23Z" finished-at="2018-09-21T11:06:40Z">
          <reporter-output>
          </reporter-output>
        </test-method> <!-- beforeClass -->
        <test-method status="PASS" signature="openMyBlog()[pri:0, instance:tests.NewTest@86be70a]" name="openMyBlog" duration-ms="28965" started-at="2018-09-21T11:06:40Z" finished-at="2018-09-21T11:07:09Z">
          <reporter-output>
          </reporter-output>
        </test-method> <!-- openMyBlog -->
        <test-method status="PASS" signature="afterClass()[pri:0, instance:tests.NewTest@86be70a]" name="afterClass" is-config="true" duration-ms="3997" started-at="2018-09-21T11:07:09Z" finished-at="2018-09-21T11:07:13Z">
          <reporter-output>
          </reporter-output>
        </test-method> <!-- afterClass -->
      </class> <!-- tests.NewTest -->
    </test> <!-- Test -->
  </suite> <!-- Suite -->
</testng-results>
